0 info it worked if it ends with ok
1 verbose cli [ '/usr/bin/node', '/usr/bin/npm', 'install', '-g', 'typescript' ]
2 info using npm@1.4.28
3 info using node@v0.10.37
4 verbose node symlink /usr/bin/node
5 verbose cache add [ 'typescript', null ]
6 verbose cache add name=undefined spec="typescript" args=["typescript",null]
7 verbose parsed url { protocol: null,
7 verbose parsed url   slashes: null,
7 verbose parsed url   auth: null,
7 verbose parsed url   host: null,
7 verbose parsed url   port: null,
7 verbose parsed url   hostname: null,
7 verbose parsed url   hash: null,
7 verbose parsed url   search: null,
7 verbose parsed url   query: null,
7 verbose parsed url   pathname: 'typescript',
7 verbose parsed url   path: 'typescript',
7 verbose parsed url   href: 'typescript' }
8 silly lockFile fb9da861-typescript typescript
9 verbose lock typescript /home/tomoki/.npm/fb9da861-typescript.lock
10 silly lockFile fb9da861-typescript typescript
11 silly lockFile fb9da861-typescript typescript
12 verbose addNamed [ 'typescript', '' ]
13 verbose addNamed [ null, '*' ]
14 silly lockFile b598c0ef-typescript typescript@
15 verbose lock typescript@ /home/tomoki/.npm/b598c0ef-typescript.lock
16 silly addNameRange { name: 'typescript', range: '*', hasData: false }
17 verbose request where is /typescript
18 verbose request registry https://registry.npmjs.org/
19 verbose request id a1ea5232f888a95e
20 verbose url raw /typescript
21 verbose url resolving [ 'https://registry.npmjs.org/', './typescript' ]
22 verbose url resolved https://registry.npmjs.org/typescript
23 verbose request where is https://registry.npmjs.org/typescript
24 info trying registry request attempt 1 at 00:04:38
25 http GET https://registry.npmjs.org/typescript
26 http 200 https://registry.npmjs.org/typescript
27 silly registry.get cb [ 200,
27 silly registry.get   { server: 'nginx/1.10.1',
27 silly registry.get     'content-type': 'application/json',
27 silly registry.get     'last-modified': 'Thu, 05 Jan 2017 07:12:46 GMT',
27 silly registry.get     etag: 'W/"586df1ee-129a7c"',
27 silly registry.get     'content-encoding': 'gzip',
27 silly registry.get     'cache-control': 'max-age=300',
27 silly registry.get     'content-length': '62572',
27 silly registry.get     'accept-ranges': 'bytes',
27 silly registry.get     date: 'Thu, 05 Jan 2017 15:04:38 GMT',
27 silly registry.get     via: '1.1 varnish',
27 silly registry.get     age: '67',
27 silly registry.get     connection: 'keep-alive',
27 silly registry.get     'x-served-by': 'cache-nrt6133-NRT',
27 silly registry.get     'x-cache': 'HIT',
27 silly registry.get     'x-cache-hits': '43',
27 silly registry.get     'x-timer': 'S1483628678.924183,VS0,VE0',
27 silly registry.get     vary: 'Accept-Encoding' } ]
28 silly addNameRange number 2 { name: 'typescript', range: '*', hasData: true }
29 silly addNameRange versions [ 'typescript',
29 silly addNameRange   [ '0.8.0',
29 silly addNameRange     '0.8.1',
29 silly addNameRange     '0.8.1-1',
29 silly addNameRange     '0.8.2',
29 silly addNameRange     '0.8.3',
29 silly addNameRange     '0.9.0',
29 silly addNameRange     '0.9.0-1',
29 silly addNameRange     '0.9.1',
29 silly addNameRange     '0.9.1-1',
29 silly addNameRange     '0.9.5',
29 silly addNameRange     '0.9.7',
29 silly addNameRange     '1.0.0',
29 silly addNameRange     '1.0.1',
29 silly addNameRange     '1.1.0-1',
29 silly addNameRange     '1.3.0',
29 silly addNameRange     '1.4.1',
29 silly addNameRange     '1.5.0-alpha',
29 silly addNameRange     '1.5.0-beta',
29 silly addNameRange     '1.5.3',
29 silly addNameRange     '1.6.0-dev.20150722.1',
29 silly addNameRange     '1.6.0-dev.20150723',
29 silly addNameRange     '1.6.0-dev.20150724',
29 silly addNameRange     '1.6.0-dev.20150725',
29 silly addNameRange     '1.6.0-dev.20150726',
29 silly addNameRange     '1.6.0-dev.20150727',
29 silly addNameRange     '1.6.0-dev.20150728',
29 silly addNameRange     '1.6.0-dev.20150729',
29 silly addNameRange     '1.6.0-dev.20150730',
29 silly addNameRange     '1.6.0-dev.20150731',
29 silly addNameRange     '1.6.0-dev.20150801',
29 silly addNameRange     '1.6.0-dev.20150802',
29 silly addNameRange     '1.6.0-dev.20150803',
29 silly addNameRange     '1.6.0-dev.20150804',
29 silly addNameRange     '1.6.0-dev.20150805',
29 silly addNameRange     '1.6.0-dev.20150806',
29 silly addNameRange     '1.6.0-dev.20150807',
29 silly addNameRange     '1.6.0-dev.20150808',
29 silly addNameRange     '1.6.0-dev.20150809',
29 silly addNameRange     '1.6.0-dev.20150810',
29 silly addNameRange     '1.6.0-dev.20150811',
29 silly addNameRange     '1.6.0-dev.20150812',
29 silly addNameRange     '1.6.0-dev.20150813',
29 silly addNameRange     '1.6.0-dev.20150814',
29 silly addNameRange     '1.6.0-dev.20150815',
29 silly addNameRange     '1.6.0-dev.20150816',
29 silly addNameRange     '1.6.0-dev.20150817',
29 silly addNameRange     '1.6.0-dev.20150818',
29 silly addNameRange     '1.6.0-dev.20150819',
29 silly addNameRange     '1.6.0-dev.20150820',
29 silly addNameRange     '1.6.0-dev.20150821',
29 silly addNameRange     '1.6.0-dev.20150822',
29 silly addNameRange     '1.6.0-dev.20150823',
29 silly addNameRange     '1.6.0-dev.20150824',
29 silly addNameRange     '1.6.0-dev.20150825',
29 silly addNameRange     '1.7.0-dev.20150826',
29 silly addNameRange     '1.7.0-dev.20150827',
29 silly addNameRange     '1.7.0-dev.20150828',
29 silly addNameRange     '1.7.0-dev.20150829',
29 silly addNameRange     '1.7.0-dev.20150830',
29 silly addNameRange     '1.7.0-dev.20150831',
29 silly addNameRange     '1.7.0-dev.20150901',
29 silly addNameRange     '1.7.0-dev.20150902',
29 silly addNameRange     '1.6.0-beta',
29 silly addNameRange     '1.7.0-dev.20150903',
29 silly addNameRange     '1.7.0-dev.20150904',
29 silly addNameRange     '1.6.0-dev.20150905',
29 silly addNameRange     '1.6.0-dev.20150906',
29 silly addNameRange     '1.6.0-dev.20150907',
29 silly addNameRange     '1.6.0-dev.20150908',
29 silly addNameRange     '1.6.0-dev.20150909',
29 silly addNameRange     '1.6.0-dev.20150910',
29 silly addNameRange     '1.6.0-dev.20150911',
29 silly addNameRange     '1.6.0-dev.20150912',
29 silly addNameRange     '1.6.0-dev.20150913',
29 silly addNameRange     '1.6.0-dev.20150914',
29 silly addNameRange     '1.6.0-dev.20150915',
29 silly addNameRange     '1.7.0-dev.20150916',
29 silly addNameRange     '1.6.2',
29 silly addNameRange     '1.7.0-dev.20150917',
29 silly addNameRange     '1.7.0-dev.20150918',
29 silly addNameRange     '1.7.0-dev.20150919',
29 silly addNameRange     '1.7.0-dev.20150920',
29 silly addNameRange     '1.7.0-dev.20150921',
29 silly addNameRange     '1.7.0-dev.20150922',
29 silly addNameRange     '1.7.0-dev.20150923',
29 silly addNameRange     '1.7.0-dev.20150924',
29 silly addNameRange     '1.7.0-dev.20150925',
29 silly addNameRange     '1.7.0-dev.20150926',
29 silly addNameRange     '1.7.0-dev.20150927',
29 silly addNameRange     '1.7.0-dev.20150928',
29 silly addNameRange     '1.7.0-dev.20150929',
29 silly addNameRange     '1.7.0-dev.20150930',
29 silly addNameRange     '1.7.0-dev.20151001',
29 silly addNameRange     '1.7.0-dev.20151002',
29 silly addNameRange     '1.7.0-dev.20151003',
29 silly addNameRange     '1.7.0-dev.20151004',
29 silly addNameRange     '1.7.0-dev.20151005',
29 silly addNameRange     '1.7.0-dev.20151006',
29 silly addNameRange     '1.7.0-dev.20151014',
29 silly addNameRange     '1.7.0-dev.20151015',
29 silly addNameRange     '1.7.0-dev.20151016',
29 silly addNameRange     '1.8.0-dev.20151017',
29 silly addNameRange     '1.8.0-dev.20151018',
29 silly addNameRange     '1.8.0-dev.20151019',
29 silly addNameRange     '1.8.0-dev.20151020',
29 silly addNameRange     '1.8.0-dev.20151021',
29 silly addNameRange     '1.8.0-dev.20151022',
29 silly addNameRange     '1.8.0-dev.20151023',
29 silly addNameRange     '1.8.0-dev.20151024',
29 silly addNameRange     '1.8.0-dev.20151025',
29 silly addNameRange     '1.8.0-dev.20151026',
29 silly addNameRange     '1.8.0-dev.20151027',
29 silly addNameRange     '1.8.0-dev.20151028',
29 silly addNameRange     '1.8.0-dev.20151029',
29 silly addNameRange     '1.8.0-dev.20151030',
29 silly addNameRange     '1.8.0-dev.20151031',
29 silly addNameRange     '1.8.0-dev.20151101',
29 silly addNameRange     '1.8.0-dev.20151102',
29 silly addNameRange     '1.8.0-dev.20151103',
29 silly addNameRange     '1.8.0-dev.20151104',
29 silly addNameRange     '1.8.0-dev.20151105',
29 silly addNameRange     '1.8.0-dev.20151106',
29 silly addNameRange     '1.8.0-dev.20151107',
29 silly addNameRange     '1.8.0-dev.20151108',
29 silly addNameRange     '1.8.0-dev.20151109',
29 silly addNameRange     '1.8.0-dev.20151110',
29 silly addNameRange     '1.8.0-dev.20151111',
29 silly addNameRange     '1.8.0-dev.20151112',
29 silly addNameRange     '1.8.0-dev.20151113',
29 silly addNameRange     '1.8.0-dev.20151114',
29 silly addNameRange     '1.8.0-dev.20151115',
29 silly addNameRange     '1.8.0-dev.20151116',
29 silly addNameRange     '1.8.0-dev.20151117',
29 silly addNameRange     '1.8.0-dev.20151118',
29 silly addNameRange     '1.8.0-dev.20151119',
29 silly addNameRange     '1.8.0-dev.20151120',
29 silly addNameRange     '1.8.0-dev.20151121',
29 silly addNameRange     '1.8.0-dev.20151122',
29 silly addNameRange     '1.8.0-dev.20151123',
29 silly addNameRange     '1.8.0-dev.20151124',
29 silly addNameRange     '1.8.0-dev.20151125',
29 silly addNameRange     '1.8.0-dev.20151126',
29 silly addNameRange     '1.8.0-dev.20151127',
29 silly addNameRange     '1.8.0-dev.20151128',
29 silly addNameRange     '1.8.0-dev.20151129',
29 silly addNameRange     '1.8.0-dev.20151130',
29 silly addNameRange     '1.7.3',
29 silly addNameRange     '1.8.0-dev.20151201',
29 silly addNameRange     '1.8.0-dev.20151202',
29 silly addNameRange     '1.8.0-dev.20151203',
29 silly addNameRange     '1.8.0-dev.20151204',
29 silly addNameRange     '1.8.0-dev.20151210',
29 silly addNameRange     '1.8.0-dev.20151211',
29 silly addNameRange     '1.8.0-dev.20151212',
29 silly addNameRange     '1.8.0-dev.20151213',
29 silly addNameRange     '1.8.0-dev.20151214',
29 silly addNameRange     '1.7.5',
29 silly addNameRange     '1.8.0-dev.20151215',
29 silly addNameRange     '1.8.0-dev.20151216',
29 silly addNameRange     '1.8.0-dev.20151217',
29 silly addNameRange     '1.8.0-dev.20151218',
29 silly addNameRange     '1.8.0-dev.20151219',
29 silly addNameRange     '1.8.0-dev.20151220',
29 silly addNameRange     '1.8.0-dev.20151221',
29 silly addNameRange     '1.8.0-dev.20151222',
29 silly addNameRange     '1.8.0-dev.20151223',
29 silly addNameRange     '1.8.0-dev.20151224',
29 silly addNameRange     '1.8.0-dev.20151225',
29 silly addNameRange     '1.8.0-dev.20151226',
29 silly addNameRange     '1.8.0-dev.20151227',
29 silly addNameRange     '1.8.0-dev.20151228',
29 silly addNameRange     '1.8.0-dev.20151229',
29 silly addNameRange     '1.8.0-dev.20151230',
29 silly addNameRange     '1.8.0-dev.20151231',
29 silly addNameRange     '1.8.0-dev.20160101',
29 silly addNameRange     '1.8.0-dev.20160102',
29 silly addNameRange     '1.8.0-dev.20160103',
29 silly addNameRange     '1.8.0-dev.20160104',
29 silly addNameRange     '1.8.0-dev.20160105',
29 silly addNameRange     '1.8.0-dev.20160106',
29 silly addNameRange     '1.8.0-dev.20160107',
29 silly addNameRange     '1.8.0-dev.20160108',
29 silly addNameRange     '1.8.0-dev.20160109',
29 silly addNameRange     '1.8.0-dev.20160110',
29 silly addNameRange     '1.8.0-dev.20160111',
29 silly addNameRange     '1.8.0-dev.20160112',
29 silly addNameRange     '1.8.0-dev.20160113',
29 silly addNameRange     '1.8.0-dev.20160114',
29 silly addNameRange     '1.8.0-dev.20160115',
29 silly addNameRange     '1.8.0-dev.20160116',
29 silly addNameRange     '1.8.0-dev.20160117',
29 silly addNameRange     '1.8.0-dev.20160118',
29 silly addNameRange     '1.8.0-dev.20160119',
29 silly addNameRange     '1.8.0-dev.20160120',
29 silly addNameRange     '1.8.0-dev.20160121',
29 silly addNameRange     '1.8.0-dev.20160122',
29 silly addNameRange     '1.8.0-dev.20160123',
29 silly addNameRange     '1.8.0-dev.20160124',
29 silly addNameRange     '1.8.0-dev.20160125',
29 silly addNameRange     '1.9.0-dev.20160126',
29 silly addNameRange     '1.9.0-dev.20160127',
29 silly addNameRange     '1.9.0-dev.20160128',
29 silly addNameRange     '1.8.0',
29 silly addNameRange     '1.9.0-dev.20160129',
29 silly addNameRange     '1.9.0-dev.20160130',
29 silly addNameRange     '1.9.0-dev.20160131',
29 silly addNameRange     '1.9.0-dev.20160201',
29 silly addNameRange     '1.9.0-dev.20160202',
29 silly addNameRange     '1.9.0-dev.20160203',
29 silly addNameRange     '1.9.0-dev.20160204',
29 silly addNameRange     '1.9.0-dev.20160205',
29 silly addNameRange     '1.9.0-dev.20160206',
29 silly addNameRange     '1.9.0-dev.20160207',
29 silly addNameRange     '1.9.0-dev.20160208',
29 silly addNameRange     '1.9.0-dev.20160209',
29 silly addNameRange     '1.9.0-dev.20160210',
29 silly addNameRange     '1.9.0-dev.20160211',
29 silly addNameRange     '1.9.0-dev.20160212',
29 silly addNameRange     '1.9.0-dev.20160213',
29 silly addNameRange     '1.9.0-dev.20160214',
29 silly addNameRange     '1.9.0-dev.20160215',
29 silly addNameRange     '1.9.0-dev.20160216',
29 silly addNameRange     '1.9.0-dev.20160217',
29 silly addNameRange     '1.9.0-dev.20160218',
29 silly addNameRange     '1.9.0-dev.20160219',
29 silly addNameRange     '1.9.0-dev.20160220',
29 silly addNameRange     '1.9.0-dev.20160221',
29 silly addNameRange     '1.9.0-dev.20160222',
29 silly addNameRange     '1.8.2',
29 silly addNameRange     '1.9.0-dev.20160223',
29 silly addNameRange     '1.9.0-dev.20160224',
29 silly addNameRange     '1.9.0-dev.20160225',
29 silly addNameRange     '1.9.0-dev.20160226',
29 silly addNameRange     '1.9.0-dev.20160227',
29 silly addNameRange     '1.9.0-dev.20160228',
29 silly addNameRange     '1.9.0-dev.20160229',
29 silly addNameRange     '1.9.0-dev.20160301',
29 silly addNameRange     '1.8.5',
29 silly addNameRange     '1.8.6',
29 silly addNameRange     '1.8.7',
29 silly addNameRange     '1.9.0-dev.20160302',
29 silly addNameRange     '1.9.0-dev.20160302.1',
29 silly addNameRange     '1.9.0-dev.20160303',
29 silly addNameRange     '1.9.0-dev.20160304',
29 silly addNameRange     '1.9.0-dev.20160305',
29 silly addNameRange     '1.9.0-dev.20160306',
29 silly addNameRange     '1.9.0-dev.20160307',
29 silly addNameRange     '1.9.0-dev.20160308',
29 silly addNameRange     '1.9.0-dev.20160309',
29 silly addNameRange     '1.9.0-dev.20160310',
29 silly addNameRange     '1.9.0-dev.20160311',
29 silly addNameRange     '1.9.0-dev.20160312',
29 silly addNameRange     '1.9.0-dev.20160313',
29 silly addNameRange     '1.9.0-dev.20160315',
29 silly addNameRange     '1.9.0-dev.20160316',
29 silly addNameRange     '1.8.9',
29 silly addNameRange     '1.9.0-dev.20160317',
29 silly addNameRange     '1.9.0-dev.20160318',
29 silly addNameRange     '1.9.0-dev.20160319',
29 silly addNameRange     '1.9.0-dev.20160320',
29 silly addNameRange     '1.9.0-dev.20160321',
29 silly addNameRange     '1.9.0-dev.20160322',
29 silly addNameRange     '1.9.0-dev.20160323',
29 silly addNameRange     '1.9.0-dev.20160324',
29 silly addNameRange     '1.9.0-dev.20160325',
29 silly addNameRange     '1.9.0-dev.20160326',
29 silly addNameRange     '1.9.0-dev.20160327',
29 silly addNameRange     '1.9.0-dev.20160328',
29 silly addNameRange     '1.9.0-dev.20160329',
29 silly addNameRange     '1.9.0-dev.20160330',
29 silly addNameRange     '1.9.0-dev.20160331',
29 silly addNameRange     '1.9.0-dev.20160401',
29 silly addNameRange     '1.9.0-dev.20160402',
29 silly addNameRange     '1.9.0-dev.20160403',
29 silly addNameRange     '1.9.0-dev.20160404',
29 silly addNameRange     '1.9.0-dev.20160405',
29 silly addNameRange     '1.9.0-dev.20160406',
29 silly addNameRange     '1.9.0-dev.20160407',
29 silly addNameRange     '1.9.0-dev.20160408',
29 silly addNameRange     '1.9.0-dev.20160409',
29 silly addNameRange     '1.9.0-dev.20160411',
29 silly addNameRange     '1.9.0-dev.20160412',
29 silly addNameRange     '1.8.10',
29 silly addNameRange     '1.9.0-dev.20160413',
29 silly addNameRange     '1.9.0-dev.20160414',
29 silly addNameRange     '1.9.0-dev.20160415',
29 silly addNameRange     '1.9.0-dev.20160416',
29 silly addNameRange     '1.9.0-dev.20160417',
29 silly addNameRange     '1.9.0-dev.20160418',
29 silly addNameRange     '1.9.0-dev.20160419',
29 silly addNameRange     '1.9.0-dev.20160420',
29 silly addNameRange     '1.9.0-dev.20160421',
29 silly addNameRange     '1.9.0-dev.20160422',
29 silly addNameRange     '1.9.0-dev.20160423',
29 silly addNameRange     '1.9.0-dev.20160424',
29 silly addNameRange     '1.9.0-dev.20160425',
29 silly addNameRange     '1.9.0-dev.20160426',
29 silly addNameRange     '1.9.0-dev.20160427',
29 silly addNameRange     '1.9.0-dev.20160428',
29 silly addNameRange     '1.9.0-dev.20160428-1.0',
29 silly addNameRange     '1.9.0-dev.20160429',
29 silly addNameRange     '1.9.0-dev.20160430',
29 silly addNameRange     '1.9.0-dev.20160501',
29 silly addNameRange     '1.9.0-dev.20160502',
29 silly addNameRange     '1.9.0-dev.20160503',
29 silly addNameRange     '1.9.0-dev.20160504',
29 silly addNameRange     '1.9.0-dev.20160505',
29 silly addNameRange     '1.9.0-dev.20160506',
29 silly addNameRange     '1.9.0-dev.20160507',
29 silly addNameRange     '1.9.0-dev.20160508',
29 silly addNameRange     '1.9.0-dev.20160509',
29 silly addNameRange     '1.9.0-dev.20160510',
29 silly addNameRange     '1.9.0-dev.20160511',
29 silly addNameRange     '1.9.0-dev.20160512',
29 silly addNameRange     '1.9.0-dev.20160513',
29 silly addNameRange     '1.9.0-dev.20160514',
29 silly addNameRange     '1.9.0-dev.20160515',
29 silly addNameRange     '1.9.0-dev.20160516',
29 silly addNameRange     '1.9.0-dev.20160517-1.0',
29 silly addNameRange     '1.9.0-dev.20160518-1.0',
29 silly addNameRange     '1.9.0-dev.20160519-1.0',
29 silly addNameRange     '1.9.0-dev.20160520-1.0',
29 silly addNameRange     '1.9.0-dev.20160521-1.0',
29 silly addNameRange     '1.9.0-dev.20160522-1.0',
29 silly addNameRange     '1.9.0-dev.20160523-1.0',
29 silly addNameRange     '1.9.0-dev.20160524-1.0',
29 silly addNameRange     '1.9.0-dev.20160525-1.0',
29 silly addNameRange     '1.9.0-dev.20160526-1.0',
29 silly addNameRange     '1.9.0-dev.20160527-1.0',
29 silly addNameRange     '1.9.0-dev.20160528-1.0',
29 silly addNameRange     '1.9.0-dev.20160529-1.0',
29 silly addNameRange     '1.9.0-dev.20160530-1.0',
29 silly addNameRange     '1.9.0-dev.20160531-1.0',
29 silly addNameRange     '1.9.0-dev.20160601-1.0',
29 silly addNameRange     '1.9.0-dev.20160602-1.0',
29 silly addNameRange     '1.9.0-dev.20160603-1.0',
29 silly addNameRange     '1.9.0-dev.20160604-1.0',
29 silly addNameRange     '1.9.0-dev.20160605-1.0',
29 silly addNameRange     '1.9.0-dev.20160606-1.0',
29 silly addNameRange     '1.9.0-dev.20160607-1.0',
29 silly addNameRange     '1.9.0-dev.20160608-1.0',
29 silly addNameRange     '1.9.0-dev.20160609-1.0',
29 silly addNameRange     '1.9.0-dev.20160610-1.0',
29 silly addNameRange     '1.9.0-dev.20160611-1.0',
29 silly addNameRange     '1.9.0-dev.20160612-1.0',
29 silly addNameRange     '1.9.0-dev.20160613-1.0',
29 silly addNameRange     '1.9.0-dev.20160614-1.0',
29 silly addNameRange     '1.9.0-dev.20160615-1.0',
29 silly addNameRange     '1.9.0-dev.20160616-1.0',
29 silly addNameRange     '1.9.0-dev.20160617-1.0',
29 silly addNameRange     '1.9.0-dev.20160618-1.0',
29 silly addNameRange     '1.9.0-dev.20160619-1.0',
29 silly addNameRange     '1.9.0-dev.20160620-1.0',
29 silly addNameRange     '1.9.0-dev.20160622-1.0',
29 silly addNameRange     '1.9.0-dev.20160623-1.0',
29 silly addNameRange     '1.9.0-dev.20160624-1.0',
29 silly addNameRange     '1.9.0-dev.20160625-1.0',
29 silly addNameRange     '1.9.0-dev.20160626-1.0',
29 silly addNameRange     '1.9.0-dev.20160627-1.0',
29 silly addNameRange     '2.0.0-dev.20160628',
29 silly addNameRange     '2.0.0-dev.20160629',
29 silly addNameRange     '2.0.0-dev.20160630',
29 silly addNameRange     '2.0.0-dev.20160701',
29 silly addNameRange     '2.0.0-dev.20160702',
29 silly addNameRange     '2.0.0-dev.20160703',
29 silly addNameRange     '2.0.0-dev.20160704',
29 silly addNameRange     '2.0.0-dev.20160705',
29 silly addNameRange     '2.0.0-dev.20160706',
29 silly addNameRange     '2.0.0-dev.20160707',
29 silly addNameRange     '2.0.0-dev.20160711',
29 silly addNameRange     '2.0.0',
29 silly addNameRange     '2.1.0-dev.20160712',
29 silly addNameRange     '2.1.0-dev.20160713',
29 silly addNameRange     '2.1.0-dev.20160714',
29 silly addNameRange     '2.1.0-dev.20160715',
29 silly addNameRange     '2.1.0-dev.20160716',
29 silly addNameRange     '2.1.0-dev.20160717',
29 silly addNameRange     '2.1.0-dev.20160718',
29 silly addNameRange     '2.1.0-dev.20160719',
29 silly addNameRange     '2.1.0-dev.20160720',
29 silly addNameRange     '2.1.0-dev.20160721',
29 silly addNameRange     '2.1.0-dev.20160722',
29 silly addNameRange     '2.1.0-dev.20160723',
29 silly addNameRange     '2.1.0-dev.20160724',
29 silly addNameRange     '2.1.0-dev.20160725',
29 silly addNameRange     '2.1.0-dev.20160726',
29 silly addNameRange     '2.1.0-dev.20160727',
29 silly addNameRange     '2.1.0-dev.20160728',
29 silly addNameRange     '2.1.0-dev.20160729',
29 silly addNameRange     '2.1.0-dev.20160730',
29 silly addNameRange     '2.1.0-dev.20160731',
29 silly addNameRange     '2.1.0-dev.20160801',
29 silly addNameRange     '2.1.0-dev.20160802',
29 silly addNameRange     '2.1.0-dev.20160803',
29 silly addNameRange     '2.1.0-dev.20160804',
29 silly addNameRange     '2.1.0-dev.20160805',
29 silly addNameRange     '2.1.0-dev.20160806',
29 silly addNameRange     '2.1.0-dev.20160807',
29 silly addNameRange     '2.1.0-dev.20160808',
29 silly addNameRange     '2.1.0-dev.20160809',
29 silly addNameRange     '2.1.0-dev.20160810',
29 silly addNameRange     '2.1.0-dev.20160811',
29 silly addNameRange     '2.1.0-dev.20160812',
29 silly addNameRange     '2.1.0-dev.20160813',
29 silly addNameRange     '2.1.0-dev.20160814',
29 silly addNameRange     '2.1.0-dev.20160815',
29 silly addNameRange     '2.1.0-dev.20160816',
29 silly addNameRange     '2.1.0-dev.20160817',
29 silly addNameRange     '2.1.0-dev.20160818',
29 silly addNameRange     '2.1.0-dev.20160819',
29 silly addNameRange     '2.1.0-dev.20160820',
29 silly addNameRange     '2.1.0-dev.20160821',
29 silly addNameRange     '2.1.0-dev.20160822',
29 silly addNameRange     '2.1.0-dev.20160823',
29 silly addNameRange     '2.1.0-dev.20160824',
29 silly addNameRange     '2.1.0-dev.20160825',
29 silly addNameRange     '2.1.0-dev.20160826',
29 silly addNameRange     '2.1.0-dev.20160827',
29 silly addNameRange     '2.1.0-dev.20160828',
29 silly addNameRange     '2.1.0-dev.20160829',
29 silly addNameRange     '2.1.0-dev.20160830',
29 silly addNameRange     '2.0.2',
29 silly addNameRange     '2.1.0-dev.20160831',
29 silly addNameRange     '2.1.0-dev.20160901',
29 silly addNameRange     '2.1.0-dev.20160902',
29 silly addNameRange     '2.1.0-dev.20160903',
29 silly addNameRange     '2.1.0-dev.20160904',
29 silly addNameRange     '2.1.0-dev.20160905',
29 silly addNameRange     '2.1.0-dev.20160906',
29 silly addNameRange     '2.1.0-dev.20160907',
29 silly addNameRange     '2.1.0-dev.20160908',
29 silly addNameRange     '2.1.0-dev.20160909',
29 silly addNameRange     '2.1.0-dev.20160910',
29 silly addNameRange     '2.1.0-dev.20160911',
29 silly addNameRange     '2.1.0-dev.20160912',
29 silly addNameRange     '2.1.0-dev.20160913',
29 silly addNameRange     '2.1.0-dev.20160914',
29 silly addNameRange     '2.1.0-dev.20160915',
29 silly addNameRange     '2.1.0-dev.20160916',
29 silly addNameRange     '2.1.0-dev.20160917',
29 silly addNameRange     '2.1.0-dev.20160918',
29 silly addNameRange     '2.1.0-dev.20160919',
29 silly addNameRange     '2.1.0-dev.20160920',
29 silly addNameRange     '2.1.0-dev.20160921',
29 silly addNameRange     '2.1.0-dev.20160922',
29 silly addNameRange     '2.0.3',
29 silly addNameRange     '2.1.0-dev.20160923',
29 silly addNameRange     '2.1.0-dev.20160924',
29 silly addNameRange     '2.1.0-dev.20160925',
29 silly addNameRange     '2.1.0-dev.20160926',
29 silly addNameRange     '2.1.0-dev.20160927',
29 silly addNameRange     '2.1.0-dev.20160928',
29 silly addNameRange     '2.1.0-dev.20160929',
29 silly addNameRange     '2.1.0-dev.20160930',
29 silly addNameRange     '2.1.0-dev.20161001',
29 silly addNameRange     '2.1.0-dev.20161002',
29 silly addNameRange     '2.1.0-dev.20161003',
29 silly addNameRange     '2.1.0-dev.20161004',
29 silly addNameRange     '2.1.0-dev.20161005',
29 silly addNameRange     '2.1.0-dev.20161006',
29 silly addNameRange     '2.1.0-dev.20161007',
29 silly addNameRange     '2.0.6-insiders.20161007',
29 silly addNameRange     '2.1.0-dev.20161008',
29 silly addNameRange     '2.1.0-dev.20161009',
29 silly addNameRange     '2.1.0-dev.20161010',
29 silly addNameRange     '2.1.0-dev.20161011',
29 silly addNameRange     '2.1.0-dev.20161012',
29 silly addNameRange     '2.0.6-insiders.20161012',
29 silly addNameRange     '2.1.0-dev.20161013',
29 silly addNameRange     '2.1.0-dev.20161014',
29 silly addNameRange     '2.0.6-insiders.20161014',
29 silly addNameRange     '2.1.0-dev.20161015',
29 silly addNameRange     '2.1.0-dev.20161016',
29 silly addNameRange     '2.1.0-dev.20161017',
29 silly addNameRange     '2.0.6-insiders.20161017',
29 silly addNameRange     '2.1.0-dev.20161018',
29 silly addNameRange     '2.1.0-dev.20161019',
29 silly addNameRange     '2.1.0-dev.20161020',
29 silly addNameRange     '2.1.0-dev.20161021',
29 silly addNameRange     '2.1.0-dev.20161022',
29 silly addNameRange     '2.1.0-dev.20161023',
29 silly addNameRange     '2.1.0-dev.20161024',
29 silly addNameRange     '2.1.0-dev.20161025',
29 silly addNameRange     '2.0.6',
29 silly addNameRange     '2.1.0-dev.20161026',
29 silly addNameRange     '2.1.0-dev.20161027',
29 silly addNameRange     '2.1.0-dev.20161028',
29 silly addNameRange     '2.1.0-dev.20161029',
29 silly addNameRange     '2.1.0-dev.20161030',
29 silly addNameRange     '2.1.0-dev.20161031',
29 silly addNameRange     '2.1.0-dev.20161101',
29 silly addNameRange     '2.1.0-dev.20161102',
29 silly addNameRange     '2.1.0-dev.20161103',
29 silly addNameRange     '2.0.7',
29 silly addNameRange     '2.1.0-dev.20161104',
29 silly addNameRange     '2.1.0-dev.20161105',
29 silly addNameRange     '2.1.0-dev.20161106',
29 silly addNameRange     '2.1.0-dev.20161107',
29 silly addNameRange     '2.0.8',
29 silly addNameRange     '2.1.0-dev.20161108',
29 silly addNameRange     '2.1.1',
29 silly addNameRange     '2.1.0-dev.20161109',
29 silly addNameRange     '2.1.0-dev.20161110',
29 silly addNameRange     '2.0.9',
29 silly addNameRange     '2.2.0-dev.20161111',
29 silly addNameRange     '2.2.0-dev.20161112',
29 silly addNameRange     '2.2.0-dev.20161113',
29 silly addNameRange     '2.2.0-dev.20161114',
29 silly addNameRange     '2.2.0-dev.20161115',
29 silly addNameRange     '2.0.10',
29 silly addNameRange     '2.2.0-dev.20161116',
29 silly addNameRange     '2.2.0-dev.20161117',
29 silly addNameRange     '2.2.0-dev.20161118',
29 silly addNameRange     '2.2.0-dev.20161120',
29 silly addNameRange     '2.2.0-dev.20161121',
29 silly addNameRange     '2.2.0-dev.20161122',
29 silly addNameRange     '2.2.0-dev.20161123',
29 silly addNameRange     '2.2.0-dev.20161124',
29 silly addNameRange     '2.2.0-dev.20161125',
29 silly addNameRange     '2.2.0-dev.20161126',
29 silly addNameRange     '2.2.0-dev.20161127',
29 silly addNameRange     '2.2.0-dev.20161128',
29 silly addNameRange     '2.2.0-dev.20161129',
29 silly addNameRange     '2.1.3-insiders.20161130',
29 silly addNameRange     '2.2.0-dev.20161130',
29 silly addNameRange     '2.2.0-dev.20161201',
29 silly addNameRange     '2.1.4-insiders.20161201',
29 silly addNameRange     '2.2.0-dev.20161202',
29 silly addNameRange     '2.2.0-dev.20161203',
29 silly addNameRange     '2.2.0-dev.20161204',
29 silly addNameRange     '2.2.0-dev.20161205',
29 silly addNameRange     '2.1.4-insiders.20161206',
29 silly addNameRange     '2.2.0-dev.20161206',
29 silly addNameRange     '2.2.0-dev.20161207',
29 silly addNameRange     '2.1.4',
29 silly addNameRange     '2.2.0-dev.20161208',
29 silly addNameRange     '2.2.0-dev.20161209',
29 silly addNameRange     '2.2.0-dev.20161210',
29 silly addNameRange     '2.2.0-dev.20161211',
29 silly addNameRange     '2.2.0-dev.20161212',
29 silly addNameRange     '2.2.0-dev.20161213',
29 silly addNameRange     '2.1.5-insiders.20161213',
29 silly addNameRange     '2.2.0-dev.20161214',
29 silly addNameRange     '2.2.0-dev.20161215',
29 silly addNameRange     '2.2.0-dev.20161216',
29 silly addNameRange     '2.2.0-dev.20161217',
29 silly addNameRange     '2.2.0-dev.20161218',
29 silly addNameRange     '2.2.0-dev.20161219',
29 silly addNameRange     '2.2.0-dev.20161220',
29 silly addNameRange     '2.1.5-insiders.20161220',
29 silly addNameRange     '2.2.0-dev.20161221',
29 silly addNameRange     '2.2.0-dev.20161222',
29 silly addNameRange     '2.2.0-dev.20161223',
29 silly addNameRange     '2.2.0-dev.20161224',
29 silly addNameRange     '2.2.0-dev.20161225',
29 silly addNameRange     '2.2.0-dev.20161226',
29 silly addNameRange     '2.2.0-dev.20161227',
29 silly addNameRange     '2.2.0-dev.20161228',
29 silly addNameRange     '2.2.0-dev.20161229',
29 silly addNameRange     '2.1.5-insiders.20161229',
29 silly addNameRange     '2.2.0-dev.20161230',
29 silly addNameRange     '2.2.0-dev.20161231',
29 silly addNameRange     '2.2.0-dev.20170101',
29 silly addNameRange     '2.2.0-dev.20170102',
29 silly addNameRange     '2.2.0-dev.20170103',
29 silly addNameRange     '2.2.0-dev.20170104',
29 silly addNameRange     '2.2.0-dev.20170105' ] ]
30 verbose addNamed [ 'typescript', '2.1.4' ]
31 verbose addNamed [ '2.1.4', '2.1.4' ]
32 silly lockFile 39ff66df-typescript-2-1-4 typescript@2.1.4
33 verbose lock typescript@2.1.4 /home/tomoki/.npm/39ff66df-typescript-2-1-4.lock
34 silly lockFile cbfb793a--typescript-typescript-2-1-4-tgz https://registry.npmjs.org/typescript/-/typescript-2.1.4.tgz
35 verbose lock https://registry.npmjs.org/typescript/-/typescript-2.1.4.tgz /home/tomoki/.npm/cbfb793a--typescript-typescript-2-1-4-tgz.lock
36 verbose addRemoteTarball [ 'https://registry.npmjs.org/typescript/-/typescript-2.1.4.tgz',
36 verbose addRemoteTarball   'b53b69fb841126acb1dd4b397d21daba87572251' ]
37 info retry fetch attempt 1 at 00:04:39
38 verbose fetch to= /tmp/npm-2510-tbRiX1aa/registry.npmjs.org/typescript/-/typescript-2.1.4.tgz
39 http GET https://registry.npmjs.org/typescript/-/typescript-2.1.4.tgz
40 http 200 https://registry.npmjs.org/typescript/-/typescript-2.1.4.tgz
41 silly lockFile cbfb793a--typescript-typescript-2-1-4-tgz https://registry.npmjs.org/typescript/-/typescript-2.1.4.tgz
42 silly lockFile cbfb793a--typescript-typescript-2-1-4-tgz https://registry.npmjs.org/typescript/-/typescript-2.1.4.tgz
43 silly lockFile 39ff66df-typescript-2-1-4 typescript@2.1.4
44 silly lockFile 39ff66df-typescript-2-1-4 typescript@2.1.4
45 silly lockFile b598c0ef-typescript typescript@
46 silly lockFile b598c0ef-typescript typescript@
47 silly resolved [ { name: 'typescript',
47 silly resolved     author: { name: 'Microsoft Corp.' },
47 silly resolved     homepage: 'http://typescriptlang.org/',
47 silly resolved     version: '2.1.4',
47 silly resolved     license: 'Apache-2.0',
47 silly resolved     description: 'TypeScript is a language for application scale JavaScript development',
47 silly resolved     keywords: [ 'TypeScript', 'Microsoft', 'compiler', 'language', 'javascript' ],
47 silly resolved     bugs: { url: 'https://github.com/Microsoft/TypeScript/issues' },
47 silly resolved     repository:
47 silly resolved      { type: 'git',
47 silly resolved        url: 'git+https://github.com/Microsoft/TypeScript.git' },
47 silly resolved     main: './lib/typescript.js',
47 silly resolved     typings: './lib/typescript.d.ts',
47 silly resolved     bin: { tsc: './bin/tsc', tsserver: './bin/tsserver' },
47 silly resolved     engines: { node: '>=0.8.0' },
47 silly resolved     devDependencies:
47 silly resolved      { '@types/browserify': 'latest',
47 silly resolved        '@types/chai': 'latest',
47 silly resolved        '@types/convert-source-map': 'latest',
47 silly resolved        '@types/del': 'latest',
47 silly resolved        '@types/glob': 'latest',
47 silly resolved        '@types/gulp': 'latest',
47 silly resolved        '@types/gulp-concat': 'latest',
47 silly resolved        '@types/gulp-help': 'latest',
47 silly resolved        '@types/gulp-newer': 'latest',
47 silly resolved        '@types/gulp-sourcemaps': 'latest',
47 silly resolved        '@types/gulp-typescript': 'latest',
47 silly resolved        '@types/merge2': 'latest',
47 silly resolved        '@types/minimatch': 'latest',
47 silly resolved        '@types/minimist': 'latest',
47 silly resolved        '@types/mkdirp': 'latest',
47 silly resolved        '@types/mocha': 'latest',
47 silly resolved        '@types/node': 'latest',
47 silly resolved        '@types/q': 'latest',
47 silly resolved        '@types/run-sequence': 'latest',
47 silly resolved        '@types/through2': 'latest',
47 silly resolved        browserify: 'latest',
47 silly resolved        chai: 'latest',
47 silly resolved        'convert-source-map': 'latest',
47 silly resolved        del: 'latest',
47 silly resolved        gulp: 'latest',
47 silly resolved        'gulp-clone': 'latest',
47 silly resolved        'gulp-concat': 'latest',
47 silly resolved        'gulp-help': 'latest',
47 silly resolved        'gulp-insert': 'latest',
47 silly resolved        'gulp-newer': 'latest',
47 silly resolved        'gulp-sourcemaps': 'latest',
47 silly resolved        'gulp-typescript': 'latest',
47 silly resolved        'into-stream': 'latest',
47 silly resolved        istanbul: 'latest',
47 silly resolved        jake: 'latest',
47 silly resolved        merge2: 'latest',
47 silly resolved        minimist: 'latest',
47 silly resolved        mkdirp: 'latest',
47 silly resolved        mocha: 'latest',
47 silly resolved        'mocha-fivemat-progress-reporter': 'latest',
47 silly resolved        q: 'latest',
47 silly resolved        'run-sequence': 'latest',
47 silly resolved        sorcery: 'latest',
47 silly resolved        through2: 'latest',
47 silly resolved        'travis-fold': 'latest',
47 silly resolved        'ts-node': 'latest',
47 silly resolved        tslint: '4.0.0-dev.2',
47 silly resolved        typescript: '^2.1' },
47 silly resolved     scripts:
47 silly resolved      { pretest: 'jake tests',
47 silly resolved        test: 'jake runtests-parallel',
47 silly resolved        build: 'npm run build:compiler && npm run build:tests',
47 silly resolved        'build:compiler': 'jake local',
47 silly resolved        'build:tests': 'jake tests',
47 silly resolved        start: 'node lib/tsc',
47 silly resolved        clean: 'jake clean',
47 silly resolved        gulp: 'gulp',
47 silly resolved        jake: 'jake',
47 silly resolved        lint: 'jake lint',
47 silly resolved        'setup-hooks': 'node scripts/link-hooks.js' },
47 silly resolved     browser: { buffer: false, fs: false, os: false, path: false },
47 silly resolved     gitHead: '409311f3634afdcf0423670661758fe9e7c87a99',
47 silly resolved     _id: 'typescript@2.1.4',
47 silly resolved     _shasum: 'b53b69fb841126acb1dd4b397d21daba87572251',
47 silly resolved     _from: 'typescript@',
47 silly resolved     _npmVersion: '3.8.6',
47 silly resolved     _nodeVersion: '5.11.1',
47 silly resolved     _npmUser: { name: 'typescript', email: 'typescript@microsoft.com' },
47 silly resolved     dist:
47 silly resolved      { shasum: 'b53b69fb841126acb1dd4b397d21daba87572251',
47 silly resolved        tarball: 'https://registry.npmjs.org/typescript/-/typescript-2.1.4.tgz' },
47 silly resolved     maintainers: [ [Object] ],
47 silly resolved     _npmOperationalInternal:
47 silly resolved      { host: 'packages-18-east.internal.npmjs.com',
47 silly resolved        tmp: 'tmp/typescript-2.1.4.tgz_1481130051247_0.27785680117085576' },
47 silly resolved     directories: {},
47 silly resolved     _resolved: 'https://registry.npmjs.org/typescript/-/typescript-2.1.4.tgz' } ]
48 info install typescript@2.1.4 into /usr/lib
49 info installOne typescript@2.1.4
50 verbose lib/node_modules/typescript unbuild
51 verbose tar unpack /home/tomoki/.npm/typescript/2.1.4/package.tgz
52 silly lockFile 087e9b07--usr-lib-node-modules-typescript tar:///usr/lib/node_modules/typescript
53 verbose lock tar:///usr/lib/node_modules/typescript /home/tomoki/.npm/087e9b07--usr-lib-node-modules-typescript.lock
54 silly lockFile 1aa8af53-npm-typescript-2-1-4-package-tgz tar:///home/tomoki/.npm/typescript/2.1.4/package.tgz
55 verbose lock tar:///home/tomoki/.npm/typescript/2.1.4/package.tgz /home/tomoki/.npm/1aa8af53-npm-typescript-2-1-4-package-tgz.lock
56 silly gunzTarPerm modes [ '755', '644' ]
57 error Error: EACCES, mkdir '/usr/lib/node_modules/typescript'
57 error  { [Error: EACCES, mkdir '/usr/lib/node_modules/typescript']
57 error   errno: 3,
57 error   code: 'EACCES',
57 error   path: '/usr/lib/node_modules/typescript',
57 error   fstream_type: 'Directory',
57 error   fstream_path: '/usr/lib/node_modules/typescript',
57 error   fstream_class: 'DirWriter',
57 error   fstream_stack:
57 error    [ '/usr/lib/node_modules/npm/node_modules/fstream/lib/dir-writer.js:36:23',
57 error      '/usr/lib/node_modules/npm/node_modules/mkdirp/index.js:46:53',
57 error      'Object.oncomplete (fs.js:108:15)' ] }
58 error Please try running this command again as root/Administrator.
59 error System Linux 3.19.0-32-generic
60 error command "/usr/bin/node" "/usr/bin/npm" "install" "-g" "typescript"
61 error cwd /home/tomoki/Document/lab/WWAWing
62 error node -v v0.10.37
63 error npm -v 1.4.28
64 error path /usr/lib/node_modules/typescript
65 error fstream_path /usr/lib/node_modules/typescript
66 error fstream_type Directory
67 error fstream_class DirWriter
68 error code EACCES
69 error errno 3
70 error stack Error: EACCES, mkdir '/usr/lib/node_modules/typescript'
71 error fstream_stack /usr/lib/node_modules/npm/node_modules/fstream/lib/dir-writer.js:36:23
71 error fstream_stack /usr/lib/node_modules/npm/node_modules/mkdirp/index.js:46:53
71 error fstream_stack Object.oncomplete (fs.js:108:15)
72 verbose exit [ 3, true ]
